2026-03-14 11:43:59,802 INFO ============================================================
2026-03-14 11:43:59,802 INFO SCPRS HARVEST STARTING
2026-03-14 11:43:59,802 INFO DB: C:\Users\mikeg\Documents\Reytech-RFQ\data\reytech.db
2026-03-14 11:43:59,802 INFO ============================================================
2026-03-14 11:43:59,805 INFO Baseline: 2225 POs, 2225 lines in scprs_po_master/lines
2026-03-14 11:43:59,806 INFO Building vendor_intel...
2026-03-14 11:43:59,815 INFO vendor_intel: 376 rows written
2026-03-14 11:43:59,816 INFO Building buyer_intel...
2026-03-14 11:43:59,816 ERROR Harvest processing failed: ambiguous column name: po_number
Traceback (most recent call last):
  File "C:\Users\mikeg\Documents\Reytech-RFQ\scripts\run_scprs_harvest.py", line 321, in main
    buyer_count = build_buyer_intel(conn, dry_run=args.dry_run)
  File "C:\Users\mikeg\Documents\Reytech-RFQ\scripts\run_scprs_harvest.py", line 117, in build_buyer_intel
    rows = conn.execute("""
           ~~~~~~~~~~~~^^^^
        SELECT buyer_email, buyer_name, dept_name as agency, agency_key,
        ^^^^^^^^^^^^^^^^^^^^^^^^^^^^^^^^^^^^^^^^^^^^^^^^^^^^^^^^^^^^^^^^
    ...<7 lines>...
        GROUP BY buyer_email
        ^^^^^^^^^^^^^^^^^^^^
    """).fetchall()
    ^^^^
sqlite3.OperationalError: ambiguous column name: po_number
2026-03-14 11:44:50,976 INFO ============================================================
2026-03-14 11:44:50,976 INFO SCPRS HARVEST STARTING
2026-03-14 11:44:50,976 INFO DB: C:\Users\mikeg\Documents\Reytech-RFQ\data\reytech.db
2026-03-14 11:44:50,976 INFO ============================================================
2026-03-14 11:44:50,981 INFO Baseline: 2225 POs, 2225 lines in scprs_po_master/lines
2026-03-14 11:44:50,981 INFO Building vendor_intel...
2026-03-14 11:44:50,990 INFO vendor_intel: 376 rows written
2026-03-14 11:44:50,991 INFO Building buyer_intel...
2026-03-14 11:44:51,067 INFO buyer_intel: 198 rows written
2026-03-14 11:44:51,067 INFO Building competitors...
2026-03-14 11:44:51,073 INFO competitors: 296 rows written
2026-03-14 11:44:51,073 INFO Building won_quotes_kb...
2026-03-14 11:44:51,120 INFO won_quotes_kb: 2208 rows written
2026-03-14 11:44:51,121 INFO Building scprs_awards...
2026-03-14 11:44:51,121 ERROR Harvest processing failed: ambiguous column name: po_number
Traceback (most recent call last):
  File "C:\Users\mikeg\Documents\Reytech-RFQ\scripts\run_scprs_harvest.py", line 324, in main
    award_count = build_scprs_awards(conn, dry_run=args.dry_run)
  File "C:\Users\mikeg\Documents\Reytech-RFQ\scripts\run_scprs_harvest.py", line 245, in build_scprs_awards
    rows = conn.execute("""
           ~~~~~~~~~~~~^^^^
        SELECT po_number, dept_name as agency, agency_key,
        ^^^^^^^^^^^^^^^^^^^^^^^^^^^^^^^^^^^^^^^^^^^^^^^^^^
    ...<4 lines>...
        GROUP BY m.po_number
        ^^^^^^^^^^^^^^^^^^^^
    """).fetchall()
    ^^^^
sqlite3.OperationalError: ambiguous column name: po_number
2026-03-14 11:45:16,199 INFO ============================================================
2026-03-14 11:45:16,199 INFO SCPRS HARVEST STARTING
2026-03-14 11:45:16,199 INFO DB: C:\Users\mikeg\Documents\Reytech-RFQ\data\reytech.db
2026-03-14 11:45:16,199 INFO ============================================================
2026-03-14 11:45:16,212 INFO Baseline: 2225 POs, 2225 lines in scprs_po_master/lines
2026-03-14 11:45:16,212 INFO Building vendor_intel...
2026-03-14 11:45:16,222 INFO vendor_intel: 376 rows written
2026-03-14 11:45:16,222 INFO Building buyer_intel...
2026-03-14 11:45:16,294 INFO buyer_intel: 198 rows written
2026-03-14 11:45:16,294 INFO Building competitors...
2026-03-14 11:45:16,300 INFO competitors: 296 rows written
2026-03-14 11:45:16,300 INFO Building won_quotes_kb...
2026-03-14 11:45:16,353 INFO won_quotes_kb: 2208 rows written
2026-03-14 11:45:16,354 INFO Building scprs_awards...
2026-03-14 11:45:16,385 INFO scprs_awards: 2225 rows written
2026-03-14 11:45:16,390 INFO ============================================================
2026-03-14 11:45:16,390 INFO HARVEST COMPLETE
2026-03-14 11:45:16,390 INFO   scprs_po_master: 2225 rows
2026-03-14 11:45:16,390 INFO   scprs_po_lines:  2225 rows
2026-03-14 11:45:16,390 INFO   scprs_awards:    2225 rows
2026-03-14 11:45:16,390 INFO   vendor_intel:    376 vendors
2026-03-14 11:45:16,390 INFO   won_quotes_kb:   2208 items
2026-03-14 11:45:16,390 INFO   buyer_intel:     198 buyers
2026-03-14 11:45:16,390 INFO   competitors:     296 vendors tracked
2026-03-14 11:45:16,390 INFO   Reytech wins:    6 POs
2026-03-14 11:45:16,390 INFO ============================================================
2026-03-14 12:09:21,854 INFO ============================================================
2026-03-14 12:09:21,856 INFO SCPRS HARVEST STARTING
2026-03-14 12:09:21,856 INFO DB: C:\Users\mikeg\Documents\Reytech-RFQ\data\reytech.db
2026-03-14 12:09:21,856 INFO ============================================================
2026-03-14 12:09:21,879 INFO Harvest health [B] CCHCS/scprs/CA: 4/5 checks passed — Date issue: 496 future dates out of 500
2026-03-14 12:09:21,885 INFO Harvest health [B] CalVet/scprs/CA: 4/5 checks passed — Date issue: 433 future dates out of 442
2026-03-14 12:09:21,899 INFO Harvest health [B] DSH/scprs/CA: 4/5 checks passed — Date issue: 175 future dates out of 181
2026-03-14 12:09:21,899 INFO Health check: 3 agencies
2026-03-14 12:09:21,899 INFO Grades: {'B': 3}
2026-03-14 12:09:21,899 INFO   [B] CCHCS: PASS (4/5 checks)  — Date issue: 496 future dates out of 500
2026-03-14 12:09:21,899 INFO   [B] CalVet: PASS (4/5 checks)  — Date issue: 433 future dates out of 442
2026-03-14 12:09:21,900 INFO   [B] DSH: PASS (4/5 checks)  — Date issue: 175 future dates out of 181
2026-03-14 12:10:03,773 INFO ============================================================
2026-03-14 12:10:03,774 INFO SCPRS HARVEST STARTING
2026-03-14 12:10:03,774 INFO DB: C:\Users\mikeg\Documents\Reytech-RFQ\data\reytech.db
2026-03-14 12:10:03,774 INFO ============================================================
2026-03-14 12:10:03,786 INFO Harvest health [A] CCHCS/scprs/CA: 5/5 checks passed — all clear
2026-03-14 12:10:03,789 INFO Harvest health [A] CalVet/scprs/CA: 5/5 checks passed — all clear
2026-03-14 12:10:03,793 INFO Harvest health [A] DSH/scprs/CA: 5/5 checks passed — all clear
2026-03-14 12:10:03,793 INFO Health check: 3 agencies
2026-03-14 12:10:03,793 INFO Grades: {'A': 3}
2026-03-14 12:10:03,793 INFO   [A] CCHCS: PASS (5/5 checks) 
2026-03-14 12:10:03,793 INFO   [A] CalVet: PASS (5/5 checks) 
2026-03-14 12:10:03,793 INFO   [A] DSH: PASS (5/5 checks) 
2026-03-14 12:26:18,078 INFO SCPRS load 1: 200 (4493b)
2026-03-14 12:26:19,310 INFO SCPRS load 2: 200 (38687b)
2026-03-14 12:26:19,311 INFO SCPRS session OK
2026-03-14 12:26:19,315 INFO Searching SCPRS supplier_name='reytech' from 03/15/2023...
2026-03-14 12:26:20,057 INFO SCPRS load 1: 200 (38687b)
2026-03-14 12:26:28,010 INFO SCPRS search '': 200 (543770b)
2026-03-14 12:26:28,325 INFO SCPRS: 1 to 102 of 102 results
2026-03-14 12:26:28,358 INFO   Row 0: PO=? $6,408.24 REYTECH INC
2026-03-14 12:26:28,390 INFO   Row 1: PO=? $99.69 REYTECH INC
2026-03-14 12:26:28,424 INFO   Row 2: PO=? $1,885.06 REYTECH INC
2026-03-14 12:26:28,468 INFO   Row 3: PO=? $4,389.98 REYTECH INC
2026-03-14 12:26:28,502 INFO   Row 4: PO=? $2,983.66 REYTECH INC
2026-03-14 12:26:28,538 INFO   Row 5: PO=? $26,624.80 REYTECH INC
2026-03-14 12:26:28,577 INFO   Row 6: PO=? $75.97 REYTECH INC
2026-03-14 12:26:28,618 INFO   Row 7: PO=? $2,696.98 REYTECH INC
2026-03-14 12:26:28,662 INFO   Row 8: PO=? $9,798.37 REYTECH INC
2026-03-14 12:26:28,712 INFO   Row 9: PO=? $3,834.35 REYTECH INC
2026-03-14 12:26:28,757 INFO   Row 10: PO=? $44,355.98 REYTECH INC
2026-03-14 12:26:28,803 INFO   Row 11: PO=? $25,752.68 REYTECH INC
2026-03-14 12:26:28,854 INFO   Row 12: PO=? $17,808.92 REYTECH INC
2026-03-14 12:26:28,907 INFO   Row 13: PO=? $15,516.91 REYTECH INC
2026-03-14 12:26:28,959 INFO   Row 14: PO=? $5,924.66 REYTECH INC
2026-03-14 12:26:29,035 INFO   Row 15: PO=? $5,434.13 REYTECH INC
2026-03-14 12:26:29,095 INFO   Row 16: PO=? $2,099.81 REYTECH INC
2026-03-14 12:26:29,158 INFO   Row 17: PO=? $15,012.98 REYTECH INC
2026-03-14 12:26:29,219 INFO   Row 18: PO=? $26,269.90 REYTECH INC
2026-03-14 12:26:29,280 INFO   Row 19: PO=? $1,565.88 REYTECH INC
2026-03-14 12:26:29,345 INFO   Row 20: PO=? $7,753.83 REYTECH INC
2026-03-14 12:26:29,413 INFO   Row 21: PO=? $9,371.71 REYTECH INC
2026-03-14 12:26:29,479 INFO   Row 22: PO=? $6,671.86 REYTECH INC
2026-03-14 12:26:29,549 INFO   Row 23: PO=? $40,728.95 REYTECH INC
2026-03-14 12:26:29,619 INFO   Row 24: PO=? $95,115.35 REYTECH INC
2026-03-14 12:26:29,693 INFO   Row 25: PO=? $1,383.69 REYTECH INC
2026-03-14 12:26:29,768 INFO   Row 26: PO=? $837.38 REYTECH INC
2026-03-14 12:26:29,849 INFO   Row 27: PO=? $3,528.94 REYTECH INC
2026-03-14 12:26:29,930 INFO   Row 28: PO=? $4,883.70 REYTECH INC
2026-03-14 12:26:30,010 INFO   Row 29: PO=? $1,252.09 REYTECH INC
2026-03-14 12:26:30,094 INFO   Row 30: PO=? $5,525.69 REYTECH INC
2026-03-14 12:26:30,180 INFO   Row 31: PO=? $25,681.86 REYTECH INC
2026-03-14 12:26:30,267 INFO   Row 32: PO=? $3,692.42 REYTECH INC
2026-03-14 12:26:30,361 INFO   Row 33: PO=? $9,846.54 REYTECH INC
2026-03-14 12:26:30,478 INFO   Row 34: PO=? $10,812.50 REYTECH INC
2026-03-14 12:26:30,573 INFO   Row 35: PO=? $24,242.67 REYTECH INC
2026-03-14 12:26:30,673 INFO   Row 36: PO=? $15,021.24 REYTECH INC
2026-03-14 12:26:30,792 INFO   Row 37: PO=? $31,462.68 REYTECH INC
2026-03-14 12:26:30,893 INFO   Row 38: PO=? $25,839.28 REYTECH INC
2026-03-14 12:26:30,997 INFO   Row 39: PO=? $4,627.21 REYTECH INC
2026-03-14 12:26:31,155 INFO   Row 40: PO=? $47,993.30 REYTECH INC
2026-03-14 12:26:31,271 INFO   Row 41: PO=? $7,170.19 REYTECH INC
2026-03-14 12:26:31,378 INFO   Row 42: PO=? $2,082.07 REYTECH INC
2026-03-14 12:26:31,488 INFO   Row 43: PO=? $4,467.10 REYTECH INC
2026-03-14 12:26:31,601 INFO   Row 44: PO=? $1,130.13 REYTECH INC
2026-03-14 12:26:31,713 INFO   Row 45: PO=? $5,981.25 REYTECH INC
2026-03-14 12:26:31,828 INFO   Row 46: PO=? $2,633.69 REYTECH INC
2026-03-14 12:26:31,941 INFO   Row 47: PO=? $3,590.06 REYTECH INC
2026-03-14 12:26:32,062 INFO   Row 48: PO=? $822.84 REYTECH INC
2026-03-14 12:26:32,184 INFO   Row 49: PO=? $1,521.96 REYTECH INC
2026-03-14 12:26:32,305 INFO   Row 50: PO=? $71.17 REYTECH INC
2026-03-14 12:26:32,429 INFO   Row 51: PO=? $19,089.10 REYTECH INC
2026-03-14 12:26:32,558 INFO   Row 52: PO=? $1,324.54 REYTECH INC
2026-03-14 12:26:32,723 INFO   Row 53: PO=? $3,139.25 REYTECH INC
2026-03-14 12:26:32,852 INFO   Row 54: PO=? $2,103.61 REYTECH INC
2026-03-14 12:26:32,999 INFO   Row 55: PO=? $33,860.44 REYTECH INC
2026-03-14 12:26:33,130 INFO   Row 56: PO=? $1,964.14 REYTECH INC
2026-03-14 12:26:33,261 INFO   Row 57: PO=? $7,386.03 REYTECH INC
2026-03-14 12:26:33,395 INFO   Row 58: PO=? $598.62 REYTECH INC
2026-03-14 12:26:33,539 INFO   Row 59: PO=? $2,081.48 REYTECH INC
2026-03-14 12:26:33,685 INFO   Row 60: PO=? $50,518.18 REYTECH INC
2026-03-14 12:26:33,829 INFO   Row 61: PO=? $1,409.05 REYTECH INC
2026-03-14 12:26:33,972 INFO   Row 62: PO=? $24,710.99 REYTECH INC
2026-03-14 12:26:34,116 INFO   Row 63: PO=? $3,444.92 REYTECH INC
2026-03-14 12:26:34,265 INFO   Row 64: PO=? $4,181.30 REYTECH INC
2026-03-14 12:26:34,413 INFO   Row 65: PO=? $212.78 REYTECH INC
2026-03-14 12:26:34,569 INFO   Row 66: PO=? $15,598.47 REYTECH INC
2026-03-14 12:26:34,719 INFO   Row 67: PO=? $619.07 REYTECH INC
2026-03-14 12:26:34,873 INFO   Row 68: PO=? $15,969.41 REYTECH INC
2026-03-14 12:26:35,027 INFO   Row 69: PO=? $56,584.01 REYTECH INC
2026-03-14 12:26:35,185 INFO   Row 70: PO=? $9,180.30 REYTECH INC
2026-03-14 12:26:35,347 INFO   Row 71: PO=? $2,049.96 REYTECH INC
2026-03-14 12:26:35,513 INFO   Row 72: PO=? $10,411.46 REYTECH INC
2026-03-14 12:26:35,684 INFO   Row 73: PO=? $1,598.26 REYTECH INC
2026-03-14 12:26:35,850 INFO   Row 74: PO=? $1,427.22 REYTECH INC
2026-03-14 12:26:36,017 INFO   Row 75: PO=? $513.11 REYTECH INC
2026-03-14 12:26:36,187 INFO   Row 76: PO=? $11,379.08 REYTECH INC
2026-03-14 12:26:36,371 INFO   Row 77: PO=? $35,426.44 REYTECH INC
2026-03-14 12:26:36,555 INFO   Row 78: PO=? $843.95 REYTECH INC
2026-03-14 12:26:36,734 INFO   Row 79: PO=? $2,090.23 REYTECH INC
2026-03-14 12:26:36,908 INFO   Row 80: PO=? $33,961.54 REYTECH INC
2026-03-14 12:26:37,094 INFO   Row 81: PO=? $1,970.85 REYTECH INC
2026-03-14 12:26:37,281 INFO   Row 82: PO=? $5,899.63 REYTECH INC
2026-03-14 12:26:37,461 INFO   Row 83: PO=? $113.03 REYTECH INC
2026-03-14 12:26:37,652 INFO   Row 84: PO=? $2,879.70 REYTECH INC
2026-03-14 12:26:37,845 INFO   Row 85: PO=? $13,646.36 REYTECH INC
2026-03-14 12:26:38,044 INFO   Row 86: PO=? $827.05 REYTECH INC
2026-03-14 12:26:38,257 INFO   Row 87: PO=? $31,251.43 REYTECH INC
2026-03-14 12:26:38,466 INFO   Row 88: PO=? $3,052.09 REYTECH INC
2026-03-14 12:26:38,668 INFO   Row 89: PO=? $3,014.01 REYTECH INC
2026-03-14 12:26:38,862 INFO   Row 90: PO=? $55,616.65 REYTECH INC
2026-03-14 12:26:39,058 INFO   Row 91: PO=? $707.94 REYTECH INC
2026-03-14 12:26:39,261 INFO   Row 92: PO=? $20,142.90 REYTECH INC
2026-03-14 12:26:39,465 INFO   Row 93: PO=? $5,872.50 REYTECH INC
2026-03-14 12:26:39,671 INFO   Row 94: PO=? $783.00 REYTECH INC
2026-03-14 12:26:39,870 INFO   Row 95: PO=? $3,675.38 REYTECH INC
2026-03-14 12:26:40,079 INFO   Row 96: PO=? $90,771.61 REYTECH INC
2026-03-14 12:26:40,285 INFO   Row 97: PO=? $9,866.45 REYTECH INC
2026-03-14 12:26:40,502 INFO   Row 98: PO=? $5,039.83 REYTECH INC
2026-03-14 12:26:40,720 INFO   Row 99: PO=? $3,945.92 REYTECH INC
2026-03-14 12:26:40,931 INFO   Row 100: PO=? $66,029.47 REYTECH INC
2026-03-14 12:26:41,148 INFO   Row 101: PO=? $39,904.18 REYTECH INC
2026-03-14 12:26:41,148 INFO Parsed 102 results
2026-03-14 12:26:41,593 INFO   supplier='reytech': 102 results, 102 new
2026-03-14 12:26:44,594 INFO Searching SCPRS supplier_name='reytech inc' from 03/15/2023...
2026-03-14 12:26:46,578 INFO SCPRS load 1: 200 (38687b)
2026-03-14 12:26:57,503 INFO SCPRS search '': 200 (543774b)
2026-03-14 12:26:57,961 INFO SCPRS: 1 to 102 of 102 results
2026-03-14 12:26:58,004 INFO   Row 0: PO=? $6,408.24 REYTECH INC
2026-03-14 12:26:58,042 INFO   Row 1: PO=? $99.69 REYTECH INC
2026-03-14 12:26:58,088 INFO   Row 2: PO=? $1,885.06 REYTECH INC
2026-03-14 12:26:58,130 INFO   Row 3: PO=? $4,389.98 REYTECH INC
2026-03-14 12:26:58,177 INFO   Row 4: PO=? $2,983.66 REYTECH INC
2026-03-14 12:26:58,226 INFO   Row 5: PO=? $26,624.80 REYTECH INC
2026-03-14 12:26:58,277 INFO   Row 6: PO=? $75.97 REYTECH INC
2026-03-14 12:26:58,331 INFO   Row 7: PO=? $2,696.98 REYTECH INC
2026-03-14 12:26:58,385 INFO   Row 8: PO=? $9,798.37 REYTECH INC
2026-03-14 12:26:58,446 INFO   Row 9: PO=? $3,834.35 REYTECH INC
2026-03-14 12:26:58,507 INFO   Row 10: PO=? $44,355.98 REYTECH INC
2026-03-14 12:26:58,570 INFO   Row 11: PO=? $17,808.92 REYTECH INC
2026-03-14 12:26:58,664 INFO   Row 12: PO=? $25,752.68 REYTECH INC
2026-03-14 12:26:58,739 INFO   Row 13: PO=? $15,516.91 REYTECH INC
2026-03-14 12:26:58,806 INFO   Row 14: PO=? $5,924.66 REYTECH INC
2026-03-14 12:26:58,889 INFO   Row 15: PO=? $5,434.13 REYTECH INC
2026-03-14 12:26:59,007 INFO   Row 16: PO=? $2,099.81 REYTECH INC
2026-03-14 12:26:59,087 INFO   Row 17: PO=? $15,012.98 REYTECH INC
2026-03-14 12:26:59,178 INFO   Row 18: PO=? $26,269.90 REYTECH INC
2026-03-14 12:26:59,263 INFO   Row 19: PO=? $1,565.88 REYTECH INC
2026-03-14 12:26:59,355 INFO   Row 20: PO=? $7,753.83 REYTECH INC
2026-03-14 12:26:59,443 INFO   Row 21: PO=? $9,371.71 REYTECH INC
2026-03-14 12:26:59,534 INFO   Row 22: PO=? $6,671.86 REYTECH INC
2026-03-14 12:26:59,633 INFO   Row 23: PO=? $40,728.95 REYTECH INC
2026-03-14 12:26:59,742 INFO   Row 24: PO=? $95,115.35 REYTECH INC
2026-03-14 12:26:59,851 INFO   Row 25: PO=? $1,383.69 REYTECH INC
2026-03-14 12:26:59,956 INFO   Row 26: PO=? $837.38 REYTECH INC
2026-03-14 12:27:00,059 INFO   Row 27: PO=? $3,528.94 REYTECH INC
2026-03-14 12:27:00,169 INFO   Row 28: PO=? $4,883.70 REYTECH INC
2026-03-14 12:27:00,277 INFO   Row 29: PO=? $1,252.09 REYTECH INC
2026-03-14 12:27:00,395 INFO   Row 30: PO=? $5,525.69 REYTECH INC
2026-03-14 12:27:00,517 INFO   Row 31: PO=? $25,681.86 REYTECH INC
2026-03-14 12:27:00,647 INFO   Row 32: PO=? $3,692.42 REYTECH INC
2026-03-14 12:27:00,788 INFO   Row 33: PO=? $9,846.54 REYTECH INC
2026-03-14 12:27:00,913 INFO   Row 34: PO=? $10,812.50 REYTECH INC
2026-03-14 12:27:01,038 INFO   Row 35: PO=? $24,242.67 REYTECH INC
2026-03-14 12:27:01,163 INFO   Row 36: PO=? $15,021.24 REYTECH INC
2026-03-14 12:27:01,294 INFO   Row 37: PO=? $31,462.68 REYTECH INC
2026-03-14 12:27:01,424 INFO   Row 38: PO=? $25,839.28 REYTECH INC
2026-03-14 12:27:01,557 INFO   Row 39: PO=? $4,627.21 REYTECH INC
2026-03-14 12:27:01,694 INFO   Row 40: PO=? $47,993.30 REYTECH INC
2026-03-14 12:27:01,840 INFO   Row 41: PO=? $7,170.19 REYTECH INC
2026-03-14 12:27:01,980 INFO   Row 42: PO=? $2,082.07 REYTECH INC
2026-03-14 12:27:02,123 INFO   Row 43: PO=? $4,467.10 REYTECH INC
2026-03-14 12:27:02,271 INFO   Row 44: PO=? $1,130.13 REYTECH INC
2026-03-14 12:27:02,420 INFO   Row 45: PO=? $5,981.25 REYTECH INC
2026-03-14 12:27:02,571 INFO   Row 46: PO=? $2,633.69 REYTECH INC
2026-03-14 12:27:02,746 INFO   Row 47: PO=? $3,590.06 REYTECH INC
2026-03-14 12:27:02,914 INFO   Row 48: PO=? $822.84 REYTECH INC
2026-03-14 12:27:03,080 INFO   Row 49: PO=? $1,521.96 REYTECH INC
2026-03-14 12:27:03,258 INFO   Row 50: PO=? $71.17 REYTECH INC
2026-03-14 12:27:03,429 INFO   Row 51: PO=? $19,089.10 REYTECH INC
2026-03-14 12:27:03,603 INFO   Row 52: PO=? $3,139.25 REYTECH INC
2026-03-14 12:27:03,795 INFO   Row 53: PO=? $1,324.54 REYTECH INC
2026-03-14 12:27:03,991 INFO   Row 54: PO=? $2,103.61 REYTECH INC
2026-03-14 12:27:04,179 INFO   Row 55: PO=? $33,860.44 REYTECH INC
2026-03-14 12:27:04,359 INFO   Row 56: PO=? $1,964.14 REYTECH INC
2026-03-14 12:27:04,549 INFO   Row 57: PO=? $7,386.03 REYTECH INC
2026-03-14 12:27:04,761 INFO   Row 58: PO=? $598.62 REYTECH INC
2026-03-14 12:27:04,967 INFO   Row 59: PO=? $2,081.48 REYTECH INC
2026-03-14 12:27:05,158 INFO   Row 60: PO=? $1,409.05 REYTECH INC
2026-03-14 12:27:05,352 INFO   Row 61: PO=? $50,518.18 REYTECH INC
2026-03-14 12:27:05,567 INFO   Row 62: PO=? $24,710.99 REYTECH INC
2026-03-14 12:27:05,786 INFO   Row 63: PO=? $3,444.92 REYTECH INC
2026-03-14 12:27:06,093 INFO   Row 64: PO=? $4,181.30 REYTECH INC
2026-03-14 12:27:06,302 INFO   Row 65: PO=? $212.78 REYTECH INC
2026-03-14 12:27:06,528 INFO   Row 66: PO=? $15,598.47 REYTECH INC
2026-03-14 12:27:06,772 INFO   Row 67: PO=? $619.07 REYTECH INC
2026-03-14 12:27:06,990 INFO   Row 68: PO=? $15,969.41 REYTECH INC
2026-03-14 12:27:07,217 INFO   Row 69: PO=? $56,584.01 REYTECH INC
2026-03-14 12:27:07,438 INFO   Row 70: PO=? $9,180.30 REYTECH INC
2026-03-14 12:27:07,675 INFO   Row 71: PO=? $2,049.96 REYTECH INC
2026-03-14 12:27:07,912 INFO   Row 72: PO=? $10,411.46 REYTECH INC
2026-03-14 12:27:08,146 INFO   Row 73: PO=? $1,598.26 REYTECH INC
2026-03-14 12:27:08,389 INFO   Row 74: PO=? $1,427.22 REYTECH INC
2026-03-14 12:27:08,627 INFO   Row 75: PO=? $513.11 REYTECH INC
2026-03-14 12:27:08,864 INFO   Row 76: PO=? $11,379.08 REYTECH INC
2026-03-14 12:27:09,102 INFO   Row 77: PO=? $35,426.44 REYTECH INC
2026-03-14 12:27:09,356 INFO   Row 78: PO=? $843.95 REYTECH INC
2026-03-14 12:27:09,606 INFO   Row 79: PO=? $2,090.23 REYTECH INC
2026-03-14 12:27:09,872 INFO   Row 80: PO=? $33,961.54 REYTECH INC
2026-03-14 12:27:10,143 INFO   Row 81: PO=? $1,970.85 REYTECH INC
2026-03-14 12:27:10,405 INFO   Row 82: PO=? $5,899.63 REYTECH INC
2026-03-14 12:27:10,660 INFO   Row 83: PO=? $113.03 REYTECH INC
2026-03-14 12:27:10,924 INFO   Row 84: PO=? $2,879.70 REYTECH INC
2026-03-14 12:27:11,188 INFO   Row 85: PO=? $13,646.36 REYTECH INC
2026-03-14 12:27:11,459 INFO   Row 86: PO=? $827.05 REYTECH INC
2026-03-14 12:27:11,732 INFO   Row 87: PO=? $31,251.43 REYTECH INC
2026-03-14 12:27:12,009 INFO   Row 88: PO=? $3,052.09 REYTECH INC
2026-03-14 12:27:12,297 INFO   Row 89: PO=? $3,014.01 REYTECH INC
2026-03-14 12:27:12,567 INFO   Row 90: PO=? $55,616.65 REYTECH INC
2026-03-14 12:27:12,859 INFO   Row 91: PO=? $20,142.90 REYTECH INC
2026-03-14 12:27:13,139 INFO   Row 92: PO=? $707.94 REYTECH INC
2026-03-14 12:27:13,425 INFO   Row 93: PO=? $5,872.50 REYTECH INC
2026-03-14 12:27:13,707 INFO   Row 94: PO=? $783.00 REYTECH INC
2026-03-14 12:27:14,013 INFO   Row 95: PO=? $3,675.38 REYTECH INC
2026-03-14 12:27:14,340 INFO   Row 96: PO=? $90,771.61 REYTECH INC
2026-03-14 12:27:14,670 INFO   Row 97: PO=? $9,866.45 REYTECH INC
2026-03-14 12:27:14,980 INFO   Row 98: PO=? $5,039.83 REYTECH INC
2026-03-14 12:27:15,305 INFO   Row 99: PO=? $3,945.92 REYTECH INC
2026-03-14 12:27:15,599 INFO   Row 100: PO=? $66,029.47 REYTECH INC
2026-03-14 12:27:15,904 INFO   Row 101: PO=? $39,904.18 REYTECH INC
2026-03-14 12:27:15,904 INFO Parsed 102 results
2026-03-14 12:27:16,439 INFO   supplier='reytech inc': 102 results, 204 new
2026-03-14 12:27:19,440 INFO Searching SCPRS supplier_name='rey tech' from 03/15/2023...
2026-03-14 12:27:22,994 INFO SCPRS load 1: 200 (38687b)
2026-03-14 12:27:25,669 INFO SCPRS search '': 200 (38830b)
2026-03-14 12:27:25,719 INFO SCPRS: no results found
2026-03-14 12:27:25,720 INFO   supplier='rey tech': 0 results, 204 new
2026-03-14 12:27:28,723 INFO Searching SCPRS supplier_name='reytech incorporated' from 03/15/2023...
2026-03-14 12:27:29,082 INFO SCPRS load 1: 200 (38687b)
2026-03-14 12:27:31,508 INFO SCPRS search '': 200 (38842b)
2026-03-14 12:27:31,550 INFO SCPRS: no results found
2026-03-14 12:27:31,550 INFO   supplier='reytech incorporated': 0 results, 204 new
2026-03-14 12:27:34,560 INFO Reytech supplier search: 204 found, 204 new POs inserted
2026-03-14 12:29:05,024 INFO ============================================================
2026-03-14 12:29:05,025 INFO SCPRS HARVEST STARTING
2026-03-14 12:29:05,025 INFO DB: C:\Users\mikeg\Documents\Reytech-RFQ\data\reytech.db
2026-03-14 12:29:05,025 INFO ============================================================
2026-03-14 12:29:05,034 INFO CA agency registry seeded
2026-03-14 12:29:05,052 INFO Baseline: 2429 POs, 2225 lines in scprs_po_master/lines
2026-03-14 12:29:05,053 INFO Building vendor_intel...
2026-03-14 12:29:05,067 INFO vendor_intel: 376 rows written
2026-03-14 12:29:05,068 INFO Building buyer_intel...
2026-03-14 12:29:05,188 INFO buyer_intel: 205 rows written
2026-03-14 12:29:05,188 INFO Building competitors...
2026-03-14 12:29:05,200 INFO competitors: 296 rows written
2026-03-14 12:29:05,200 INFO Building won_quotes_kb...
2026-03-14 12:29:05,284 INFO won_quotes_kb: 2208 rows written
2026-03-14 12:29:05,285 INFO Building scprs_awards...
2026-03-14 12:29:05,344 INFO scprs_awards: 2429 rows written
2026-03-14 12:29:05,355 INFO ============================================================
2026-03-14 12:29:05,355 INFO HARVEST COMPLETE
2026-03-14 12:29:05,355 INFO   scprs_po_master: 2429 rows
2026-03-14 12:29:05,355 INFO   scprs_po_lines:  2225 rows
2026-03-14 12:29:05,355 INFO   scprs_awards:    2429 rows
2026-03-14 12:29:05,355 INFO   vendor_intel:    376 vendors
2026-03-14 12:29:05,355 INFO   won_quotes_kb:   2208 items
2026-03-14 12:29:05,355 INFO   buyer_intel:     205 buyers
2026-03-14 12:29:05,355 INFO   competitors:     296 vendors tracked
2026-03-14 12:29:05,355 INFO   Reytech wins:    210 POs
2026-03-14 12:29:05,393 INFO Harvest health [A] CCHCS/scprs/CA: 5/5 checks passed — all clear
2026-03-14 12:29:05,407 INFO Harvest health [A] CalVet/scprs/CA: 5/5 checks passed — all clear
2026-03-14 12:29:05,425 INFO Harvest health [A] DSH/scprs/CA: 5/5 checks passed — all clear
2026-03-14 12:29:05,425 INFO   Health: {'A': 3}
2026-03-14 12:29:05,427 INFO ============================================================
2026-03-14 16:02:11,333 INFO Building competitors...
2026-03-14 16:02:11,342 INFO competitors: 296 rows written
2026-03-14 16:02:11,583 INFO Building buyer_intel...
2026-03-14 16:02:11,644 INFO buyer_intel: 205 rows written
2026-03-14 16:07:43,826 INFO Building buyer_intel...
2026-03-14 16:07:43,893 INFO buyer_intel: 205 rows written
